<?xml version="1.0" encoding="UTF-8"?>
<!-- Generated by org.testng.reporters.JUnitXMLReporter -->
<testsuite ignored="0" hostname="DESKTOP-V14JGKR" failures="1" tests="2" name="Register and Login Tests" time="26.067" errors="0" timestamp="2025-01-14T10:17:52 ICT">
  <testcase classname="com.automationtesting.tests.RegisterTest" name="testRegistration" time="15.754">
    <failure type="java.lang.AssertionError" message="Đăng ký không thành công.">
      <![CDATA[java.lang.AssertionError: Đăng ký không thành công.
at com.automationtesting.tests.RegisterTest.testRegistration(RegisterTest.java:52)
at java.base/java.util.ArrayList.forEach(ArrayList.java:1596)
... Removed 30 stack frames]]>
    </failure>
  </testcase> <!-- testRegistration -->
  <testcase classname="com.automationtesting.tests.LoginTest" name="testLogin" time="7.342"/>
</testsuite> <!-- Register and Login Tests -->
